0 info it worked if it ends with ok
1 verbose cli [ '/usr/bin/node', '/usr/bin/npm', 'run', 'serve' ]
2 info using npm@3.5.2
3 info using node@v8.10.0
4 verbose run-script [ 'preserve', 'serve', 'postserve' ]
5 info lifecycle functions@~preserve: functions@
6 silly lifecycle functions@~preserve: no script for preserve, continuing
7 info lifecycle functions@~serve: functions@
8 verbose lifecycle functions@~serve: unsafe-perm in lifecycle true
9 verbose lifecycle functions@~serve: PATH: /usr/share/npm/bin/node-gyp-bin:/home/matheus/playground/firebase/fb-functions/functions/node_modules/.bin:/home/matheus/playground/firebase/fb-functions/functions/node_modules/.bin:/usr/share/npm/bin/node-gyp-bin:/home/matheus/playground/firebase/fb-functions/functions/node_modules/.bin:/home/matheus/anaconda3/bin:/home/matheus/anaconda3/condabin:/home/matheus/.local/bin:/usr/local/sbin:/usr/local/bin:/usr/sbin:/usr/bin:/sbin:/bin:/usr/games:/usr/local/games:/snap/bin
10 verbose lifecycle functions@~serve: CWD: /home/matheus/playground/firebase/fb-functions/functions
11 silly lifecycle functions@~serve: Args: [ '-c', 'npm run build && firebase serve --only functions' ]
12 silly lifecycle functions@~serve: Returned: code: 2  signal: null
13 info lifecycle functions@~serve: Failed to exec serve script
14 verbose stack Error: functions@ serve: `npm run build && firebase serve --only functions`
14 verbose stack Exit status 2
14 verbose stack     at EventEmitter.<anonymous> (/usr/share/npm/lib/utils/lifecycle.js:232:16)
14 verbose stack     at emitTwo (events.js:126:13)
14 verbose stack     at EventEmitter.emit (events.js:214:7)
14 verbose stack     at ChildProcess.<anonymous> (/usr/share/npm/lib/utils/spawn.js:24:14)
14 verbose stack     at emitTwo (events.js:126:13)
14 verbose stack     at ChildProcess.emit (events.js:214:7)
14 verbose stack     at maybeClose (internal/child_process.js:925:16)
14 verbose stack     at Process.ChildProcess._handle.onexit (internal/child_process.js:209:5)
15 verbose pkgid functions@
16 verbose cwd /home/matheus/playground/firebase/fb-functions/functions
17 error Linux 4.15.0-58-generic
18 error argv "/usr/bin/node" "/usr/bin/npm" "run" "serve"
19 error node v8.10.0
20 error npm  v3.5.2
21 error code ELIFECYCLE
22 error functions@ serve: `npm run build && firebase serve --only functions`
22 error Exit status 2
23 error Failed at the functions@ serve script 'npm run build && firebase serve --only functions'.
23 error Make sure you have the latest version of node.js and npm installed.
23 error If you do, this is most likely a problem with the functions package,
23 error not with npm itself.
23 error Tell the author that this fails on your system:
23 error     npm run build && firebase serve --only functions
23 error You can get information on how to open an issue for this project with:
23 error     npm bugs functions
23 error Or if that isn't available, you can get their info via:
23 error     npm owner ls functions
23 error There is likely additional logging output above.
24 verbose exit [ 1, true ]
